[     135ms] [INFO] %cDownload the React DevTools for a better development experience: https://reactjs.org/link/react-devtools font-weight:bold @ http://localhost:3000/static/js/0.chunk.js:42265
[     146ms] [WARNING] ⚠️ React Router Future Flag Warning: React Router will begin wrapping state updates in `React.startTransition` in v7. You can use the `v7_startTransition` future flag to opt-in early. For more information, see https://reactrouter.com/v6/upgrading/future#v7_starttransition. @ http://localhost:3000/static/js/0.chunk.js:46728
[     146ms] [WARNING] ⚠️ React Router Future Flag Warning: Relative route resolution within Splat routes is changing in v7. You can use the `v7_relativeSplatPath` future flag to opt-in early. For more information, see https://reactrouter.com/v6/upgrading/future#v7_relativesplatpath. @ http://localhost:3000/static/js/0.chunk.js:46728
[     190ms] [WARNING] ./src/App.tsx
  Line 98:17:   Emojis should be wrapped in <span>, have role="img", and have an accessible description with aria-label or aria-labelledby  jsx-a11y/accessible-emoji
  Line 103:17:  Emojis should be wrapped in <span>, have role="img", and have an accessible description with aria-label or aria-labelledby  jsx-a11y/accessible-emoji
  Line 204:17:  Emojis should be wrapped in <span>, have role="img", and have an accessible description with aria-label or aria-labelledby  jsx-a11y/accessible-emoji
  Line 209:17:  Emojis should be wrapped in <span>, have role="img", and have an accessible description with aria-label or aria-labelledby  jsx-a11y/accessible-emoji
  Line 281:13:  Emojis should be wrapped in <span>, have role="img", and have an accessible description with aria-label or aria-labelledby  jsx-a11y/accessible-emoji
  Line 285:13:  Emojis should be wrapped in <span>, have role="img", and have an accessible description with aria-label or aria-labelledby  jsx-a11y/accessible-emoji
  Line 289:13:  Emojis should be wrapped in <span>, have role="img", and have an accessible description with aria-label or aria-labelledby  jsx-a11y/accessible-emoji @ http://localhost:3000/static/js/0.chunk.js:16416
[  121062ms] [WARNING] ./src/App.tsx
  Line 98:17:   Emojis should be wrapped in <span>, have role="img", and have an accessible description with aria-label or aria-labelledby  jsx-a11y/accessible-emoji
  Line 103:17:  Emojis should be wrapped in <span>, have role="img", and have an accessible description with aria-label or aria-labelledby  jsx-a11y/accessible-emoji
  Line 204:17:  Emojis should be wrapped in <span>, have role="img", and have an accessible description with aria-label or aria-labelledby  jsx-a11y/accessible-emoji
  Line 209:17:  Emojis should be wrapped in <span>, have role="img", and have an accessible description with aria-label or aria-labelledby  jsx-a11y/accessible-emoji
  Line 281:13:  Emojis should be wrapped in <span>, have role="img", and have an accessible description with aria-label or aria-labelledby  jsx-a11y/accessible-emoji
  Line 285:13:  Emojis should be wrapped in <span>, have role="img", and have an accessible description with aria-label or aria-labelledby  jsx-a11y/accessible-emoji
  Line 289:13:  Emojis should be wrapped in <span>, have role="img", and have an accessible description with aria-label or aria-labelledby  jsx-a11y/accessible-emoji @ http://localhost:3000/static/js/0.chunk.js:16416
[  121274ms] [INFO] %cDownload the React DevTools for a better development experience: https://reactjs.org/link/react-devtools font-weight:bold @ http://localhost:3000/static/js/2.chunk.js:42265
[  121283ms] [WARNING] ⚠️ React Router Future Flag Warning: React Router will begin wrapping state updates in `React.startTransition` in v7. You can use the `v7_startTransition` future flag to opt-in early. For more information, see https://reactrouter.com/v6/upgrading/future#v7_starttransition. @ http://localhost:3000/static/js/2.chunk.js:46728
[  121283ms] [WARNING] ⚠️ React Router Future Flag Warning: Relative route resolution within Splat routes is changing in v7. You can use the `v7_relativeSplatPath` future flag to opt-in early. For more information, see https://reactrouter.com/v6/upgrading/future#v7_relativesplatpath. @ http://localhost:3000/static/js/2.chunk.js:46728
[  121320ms] [WARNING] ./src/App.tsx
  Line 98:17:   Emojis should be wrapped in <span>, have role="img", and have an accessible description with aria-label or aria-labelledby  jsx-a11y/accessible-emoji
  Line 103:17:  Emojis should be wrapped in <span>, have role="img", and have an accessible description with aria-label or aria-labelledby  jsx-a11y/accessible-emoji
  Line 204:17:  Emojis should be wrapped in <span>, have role="img", and have an accessible description with aria-label or aria-labelledby  jsx-a11y/accessible-emoji
  Line 209:17:  Emojis should be wrapped in <span>, have role="img", and have an accessible description with aria-label or aria-labelledby  jsx-a11y/accessible-emoji
  Line 281:13:  Emojis should be wrapped in <span>, have role="img", and have an accessible description with aria-label or aria-labelledby  jsx-a11y/accessible-emoji
  Line 285:13:  Emojis should be wrapped in <span>, have role="img", and have an accessible description with aria-label or aria-labelledby  jsx-a11y/accessible-emoji
  Line 289:13:  Emojis should be wrapped in <span>, have role="img", and have an accessible description with aria-label or aria-labelledby  jsx-a11y/accessible-emoji @ http://localhost:3000/static/js/2.chunk.js:16416
[  125214ms] [WARNING] ./src/App.tsx
  Line 98:17:   Emojis should be wrapped in <span>, have role="img", and have an accessible description with aria-label or aria-labelledby  jsx-a11y/accessible-emoji
  Line 103:17:  Emojis should be wrapped in <span>, have role="img", and have an accessible description with aria-label or aria-labelledby  jsx-a11y/accessible-emoji
  Line 204:17:  Emojis should be wrapped in <span>, have role="img", and have an accessible description with aria-label or aria-labelledby  jsx-a11y/accessible-emoji
  Line 209:17:  Emojis should be wrapped in <span>, have role="img", and have an accessible description with aria-label or aria-labelledby  jsx-a11y/accessible-emoji
  Line 281:13:  Emojis should be wrapped in <span>, have role="img", and have an accessible description with aria-label or aria-labelledby  jsx-a11y/accessible-emoji
  Line 285:13:  Emojis should be wrapped in <span>, have role="img", and have an accessible description with aria-label or aria-labelledby  jsx-a11y/accessible-emoji
  Line 289:13:  Emojis should be wrapped in <span>, have role="img", and have an accessible description with aria-label or aria-labelledby  jsx-a11y/accessible-emoji @ http://localhost:3000/static/js/2.chunk.js:16416
[  125437ms] [INFO] %cDownload the React DevTools for a better development experience: https://reactjs.org/link/react-devtools font-weight:bold @ http://localhost:3000/static/js/0.chunk.js:42265
[  125445ms] [WARNING] ⚠️ React Router Future Flag Warning: React Router will begin wrapping state updates in `React.startTransition` in v7. You can use the `v7_startTransition` future flag to opt-in early. For more information, see https://reactrouter.com/v6/upgrading/future#v7_starttransition. @ http://localhost:3000/static/js/0.chunk.js:46728
[  125446ms] [WARNING] ⚠️ React Router Future Flag Warning: Relative route resolution within Splat routes is changing in v7. You can use the `v7_relativeSplatPath` future flag to opt-in early. For more information, see https://reactrouter.com/v6/upgrading/future#v7_relativesplatpath. @ http://localhost:3000/static/js/0.chunk.js:46728
[  125480ms] [WARNING] ./src/App.tsx
  Line 98:17:   Emojis should be wrapped in <span>, have role="img", and have an accessible description with aria-label or aria-labelledby  jsx-a11y/accessible-emoji
  Line 103:17:  Emojis should be wrapped in <span>, have role="img", and have an accessible description with aria-label or aria-labelledby  jsx-a11y/accessible-emoji
  Line 204:17:  Emojis should be wrapped in <span>, have role="img", and have an accessible description with aria-label or aria-labelledby  jsx-a11y/accessible-emoji
  Line 209:17:  Emojis should be wrapped in <span>, have role="img", and have an accessible description with aria-label or aria-labelledby  jsx-a11y/accessible-emoji
  Line 281:13:  Emojis should be wrapped in <span>, have role="img", and have an accessible description with aria-label or aria-labelledby  jsx-a11y/accessible-emoji
  Line 285:13:  Emojis should be wrapped in <span>, have role="img", and have an accessible description with aria-label or aria-labelledby  jsx-a11y/accessible-emoji
  Line 289:13:  Emojis should be wrapped in <span>, have role="img", and have an accessible description with aria-label or aria-labelledby  jsx-a11y/accessible-emoji @ http://localhost:3000/static/js/0.chunk.js:16416
[  130109ms] [WARNING] ./src/App.tsx
  Line 98:17:   Emojis should be wrapped in <span>, have role="img", and have an accessible description with aria-label or aria-labelledby  jsx-a11y/accessible-emoji
  Line 103:17:  Emojis should be wrapped in <span>, have role="img", and have an accessible description with aria-label or aria-labelledby  jsx-a11y/accessible-emoji
  Line 204:17:  Emojis should be wrapped in <span>, have role="img", and have an accessible description with aria-label or aria-labelledby  jsx-a11y/accessible-emoji
  Line 209:17:  Emojis should be wrapped in <span>, have role="img", and have an accessible description with aria-label or aria-labelledby  jsx-a11y/accessible-emoji
  Line 281:13:  Emojis should be wrapped in <span>, have role="img", and have an accessible description with aria-label or aria-labelledby  jsx-a11y/accessible-emoji
  Line 285:13:  Emojis should be wrapped in <span>, have role="img", and have an accessible description with aria-label or aria-labelledby  jsx-a11y/accessible-emoji
  Line 289:13:  Emojis should be wrapped in <span>, have role="img", and have an accessible description with aria-label or aria-labelledby  jsx-a11y/accessible-emoji @ http://localhost:3000/static/js/0.chunk.js:16416
[  130268ms] [INFO] %cDownload the React DevTools for a better development experience: https://reactjs.org/link/react-devtools font-weight:bold @ http://localhost:3000/static/js/2.chunk.js:42265
[  130275ms] [WARNING] ⚠️ React Router Future Flag Warning: React Router will begin wrapping state updates in `React.startTransition` in v7. You can use the `v7_startTransition` future flag to opt-in early. For more information, see https://reactrouter.com/v6/upgrading/future#v7_starttransition. @ http://localhost:3000/static/js/2.chunk.js:46728
[  130275ms] [WARNING] ⚠️ React Router Future Flag Warning: Relative route resolution within Splat routes is changing in v7. You can use the `v7_relativeSplatPath` future flag to opt-in early. For more information, see https://reactrouter.com/v6/upgrading/future#v7_relativesplatpath. @ http://localhost:3000/static/js/2.chunk.js:46728
[  130317ms] [WARNING] ./src/App.tsx
  Line 98:17:   Emojis should be wrapped in <span>, have role="img", and have an accessible description with aria-label or aria-labelledby  jsx-a11y/accessible-emoji
  Line 103:17:  Emojis should be wrapped in <span>, have role="img", and have an accessible description with aria-label or aria-labelledby  jsx-a11y/accessible-emoji
  Line 204:17:  Emojis should be wrapped in <span>, have role="img", and have an accessible description with aria-label or aria-labelledby  jsx-a11y/accessible-emoji
  Line 209:17:  Emojis should be wrapped in <span>, have role="img", and have an accessible description with aria-label or aria-labelledby  jsx-a11y/accessible-emoji
  Line 281:13:  Emojis should be wrapped in <span>, have role="img", and have an accessible description with aria-label or aria-labelledby  jsx-a11y/accessible-emoji
  Line 285:13:  Emojis should be wrapped in <span>, have role="img", and have an accessible description with aria-label or aria-labelledby  jsx-a11y/accessible-emoji
  Line 289:13:  Emojis should be wrapped in <span>, have role="img", and have an accessible description with aria-label or aria-labelledby  jsx-a11y/accessible-emoji @ http://localhost:3000/static/js/2.chunk.js:16416
