[     161ms] [INFO] %cDownload the React DevTools for a better development experience: https://reactjs.org/link/react-devtools font-weight:bold @ http://localhost:3000/static/js/2.chunk.js:42265
[     170ms] [WARNING] ⚠️ React Router Future Flag Warning: React Router will begin wrapping state updates in `React.startTransition` in v7. You can use the `v7_startTransition` future flag to opt-in early. For more information, see https://reactrouter.com/v6/upgrading/future#v7_starttransition. @ http://localhost:3000/static/js/2.chunk.js:46728
[     170ms] [WARNING] ⚠️ React Router Future Flag Warning: Relative route resolution within Splat routes is changing in v7. You can use the `v7_relativeSplatPath` future flag to opt-in early. For more information, see https://reactrouter.com/v6/upgrading/future#v7_relativesplatpath. @ http://localhost:3000/static/js/2.chunk.js:46728
[     199ms] [WARNING] ./src/App.tsx
  Line 98:17:   Emojis should be wrapped in <span>, have role="img", and have an accessible description with aria-label or aria-labelledby  jsx-a11y/accessible-emoji
  Line 103:17:  Emojis should be wrapped in <span>, have role="img", and have an accessible description with aria-label or aria-labelledby  jsx-a11y/accessible-emoji
  Line 205:17:  Emojis should be wrapped in <span>, have role="img", and have an accessible description with aria-label or aria-labelledby  jsx-a11y/accessible-emoji
  Line 210:17:  Emojis should be wrapped in <span>, have role="img", and have an accessible description with aria-label or aria-labelledby  jsx-a11y/accessible-emoji
  Line 285:13:  Emojis should be wrapped in <span>, have role="img", and have an accessible description with aria-label or aria-labelledby  jsx-a11y/accessible-emoji
  Line 289:13:  Emojis should be wrapped in <span>, have role="img", and have an accessible description with aria-label or aria-labelledby  jsx-a11y/accessible-emoji
  Line 293:13:  Emojis should be wrapped in <span>, have role="img", and have an accessible description with aria-label or aria-labelledby  jsx-a11y/accessible-emoji @ http://localhost:3000/static/js/2.chunk.js:16416
[   74231ms] [WARNING] ./src/views/FeedView.tsx
  Line 3:8:  'CarThumbnail' is defined but never used  @typescript-eslint/no-unused-vars @ http://localhost:3000/static/js/2.chunk.js:16416
[   74231ms] [WARNING] ./src/App.tsx
  Line 98:17:   Emojis should be wrapped in <span>, have role="img", and have an accessible description with aria-label or aria-labelledby  jsx-a11y/accessible-emoji
  Line 103:17:  Emojis should be wrapped in <span>, have role="img", and have an accessible description with aria-label or aria-labelledby  jsx-a11y/accessible-emoji
  Line 205:17:  Emojis should be wrapped in <span>, have role="img", and have an accessible description with aria-label or aria-labelledby  jsx-a11y/accessible-emoji
  Line 210:17:  Emojis should be wrapped in <span>, have role="img", and have an accessible description with aria-label or aria-labelledby  jsx-a11y/accessible-emoji
  Line 285:13:  Emojis should be wrapped in <span>, have role="img", and have an accessible description with aria-label or aria-labelledby  jsx-a11y/accessible-emoji
  Line 289:13:  Emojis should be wrapped in <span>, have role="img", and have an accessible description with aria-label or aria-labelledby  jsx-a11y/accessible-emoji
  Line 293:13:  Emojis should be wrapped in <span>, have role="img", and have an accessible description with aria-label or aria-labelledby  jsx-a11y/accessible-emoji @ http://localhost:3000/static/js/2.chunk.js:16416
[   74449ms] [INFO] %cDownload the React DevTools for a better development experience: https://reactjs.org/link/react-devtools font-weight:bold @ http://localhost:3000/static/js/0.chunk.js:42265
[   74466ms] [WARNING] ⚠️ React Router Future Flag Warning: React Router will begin wrapping state updates in `React.startTransition` in v7. You can use the `v7_startTransition` future flag to opt-in early. For more information, see https://reactrouter.com/v6/upgrading/future#v7_starttransition. @ http://localhost:3000/static/js/0.chunk.js:46728
[   74466ms] [WARNING] ⚠️ React Router Future Flag Warning: Relative route resolution within Splat routes is changing in v7. You can use the `v7_relativeSplatPath` future flag to opt-in early. For more information, see https://reactrouter.com/v6/upgrading/future#v7_relativesplatpath. @ http://localhost:3000/static/js/0.chunk.js:46728
[   74507ms] [WARNING] ./src/views/FeedView.tsx
  Line 3:8:  'CarThumbnail' is defined but never used  @typescript-eslint/no-unused-vars @ http://localhost:3000/static/js/0.chunk.js:16416
[   74507ms] [WARNING] ./src/App.tsx
  Line 98:17:   Emojis should be wrapped in <span>, have role="img", and have an accessible description with aria-label or aria-labelledby  jsx-a11y/accessible-emoji
  Line 103:17:  Emojis should be wrapped in <span>, have role="img", and have an accessible description with aria-label or aria-labelledby  jsx-a11y/accessible-emoji
  Line 205:17:  Emojis should be wrapped in <span>, have role="img", and have an accessible description with aria-label or aria-labelledby  jsx-a11y/accessible-emoji
  Line 210:17:  Emojis should be wrapped in <span>, have role="img", and have an accessible description with aria-label or aria-labelledby  jsx-a11y/accessible-emoji
  Line 285:13:  Emojis should be wrapped in <span>, have role="img", and have an accessible description with aria-label or aria-labelledby  jsx-a11y/accessible-emoji
  Line 289:13:  Emojis should be wrapped in <span>, have role="img", and have an accessible description with aria-label or aria-labelledby  jsx-a11y/accessible-emoji
  Line 293:13:  Emojis should be wrapped in <span>, have role="img", and have an accessible description with aria-label or aria-labelledby  jsx-a11y/accessible-emoji @ http://localhost:3000/static/js/0.chunk.js:16416
[   79517ms] [WARNING] ./src/App.tsx
  Line 98:17:   Emojis should be wrapped in <span>, have role="img", and have an accessible description with aria-label or aria-labelledby  jsx-a11y/accessible-emoji
  Line 103:17:  Emojis should be wrapped in <span>, have role="img", and have an accessible description with aria-label or aria-labelledby  jsx-a11y/accessible-emoji
  Line 205:17:  Emojis should be wrapped in <span>, have role="img", and have an accessible description with aria-label or aria-labelledby  jsx-a11y/accessible-emoji
  Line 210:17:  Emojis should be wrapped in <span>, have role="img", and have an accessible description with aria-label or aria-labelledby  jsx-a11y/accessible-emoji
  Line 285:13:  Emojis should be wrapped in <span>, have role="img", and have an accessible description with aria-label or aria-labelledby  jsx-a11y/accessible-emoji
  Line 289:13:  Emojis should be wrapped in <span>, have role="img", and have an accessible description with aria-label or aria-labelledby  jsx-a11y/accessible-emoji
  Line 293:13:  Emojis should be wrapped in <span>, have role="img", and have an accessible description with aria-label or aria-labelledby  jsx-a11y/accessible-emoji @ http://localhost:3000/static/js/0.chunk.js:16416
[   79697ms] [INFO] %cDownload the React DevTools for a better development experience: https://reactjs.org/link/react-devtools font-weight:bold @ http://localhost:3000/static/js/2.chunk.js:42265
[   79706ms] [WARNING] ⚠️ React Router Future Flag Warning: React Router will begin wrapping state updates in `React.startTransition` in v7. You can use the `v7_startTransition` future flag to opt-in early. For more information, see https://reactrouter.com/v6/upgrading/future#v7_starttransition. @ http://localhost:3000/static/js/2.chunk.js:46728
[   79706ms] [WARNING] ⚠️ React Router Future Flag Warning: Relative route resolution within Splat routes is changing in v7. You can use the `v7_relativeSplatPath` future flag to opt-in early. For more information, see https://reactrouter.com/v6/upgrading/future#v7_relativesplatpath. @ http://localhost:3000/static/js/2.chunk.js:46728
[   79735ms] [WARNING] ./src/App.tsx
  Line 98:17:   Emojis should be wrapped in <span>, have role="img", and have an accessible description with aria-label or aria-labelledby  jsx-a11y/accessible-emoji
  Line 103:17:  Emojis should be wrapped in <span>, have role="img", and have an accessible description with aria-label or aria-labelledby  jsx-a11y/accessible-emoji
  Line 205:17:  Emojis should be wrapped in <span>, have role="img", and have an accessible description with aria-label or aria-labelledby  jsx-a11y/accessible-emoji
  Line 210:17:  Emojis should be wrapped in <span>, have role="img", and have an accessible description with aria-label or aria-labelledby  jsx-a11y/accessible-emoji
  Line 285:13:  Emojis should be wrapped in <span>, have role="img", and have an accessible description with aria-label or aria-labelledby  jsx-a11y/accessible-emoji
  Line 289:13:  Emojis should be wrapped in <span>, have role="img", and have an accessible description with aria-label or aria-labelledby  jsx-a11y/accessible-emoji
  Line 293:13:  Emojis should be wrapped in <span>, have role="img", and have an accessible description with aria-label or aria-labelledby  jsx-a11y/accessible-emoji @ http://localhost:3000/static/js/2.chunk.js:16416
