[     270ms] [INFO] %cDownload the React DevTools for a better development experience: https://reactjs.org/link/react-devtools font-weight:bold @ http://localhost:3000/static/js/2.chunk.js:42265
[     300ms] [WARNING] ⚠️ React Router Future Flag Warning: React Router will begin wrapping state updates in `React.startTransition` in v7. You can use the `v7_startTransition` future flag to opt-in early. For more information, see https://reactrouter.com/v6/upgrading/future#v7_starttransition. @ http://localhost:3000/static/js/2.chunk.js:46728
[     301ms] [WARNING] ⚠️ React Router Future Flag Warning: Relative route resolution within Splat routes is changing in v7. You can use the `v7_relativeSplatPath` future flag to opt-in early. For more information, see https://reactrouter.com/v6/upgrading/future#v7_relativesplatpath. @ http://localhost:3000/static/js/2.chunk.js:46728
[     329ms] [WARNING] ./src/App.tsx
  Line 98:17:   Emojis should be wrapped in <span>, have role="img", and have an accessible description with aria-label or aria-labelledby  jsx-a11y/accessible-emoji
  Line 103:17:  Emojis should be wrapped in <span>, have role="img", and have an accessible description with aria-label or aria-labelledby  jsx-a11y/accessible-emoji
  Line 205:17:  Emojis should be wrapped in <span>, have role="img", and have an accessible description with aria-label or aria-labelledby  jsx-a11y/accessible-emoji
  Line 210:17:  Emojis should be wrapped in <span>, have role="img", and have an accessible description with aria-label or aria-labelledby  jsx-a11y/accessible-emoji
  Line 283:13:  Emojis should be wrapped in <span>, have role="img", and have an accessible description with aria-label or aria-labelledby  jsx-a11y/accessible-emoji
  Line 287:13:  Emojis should be wrapped in <span>, have role="img", and have an accessible description with aria-label or aria-labelledby  jsx-a11y/accessible-emoji
  Line 291:13:  Emojis should be wrapped in <span>, have role="img", and have an accessible description with aria-label or aria-labelledby  jsx-a11y/accessible-emoji @ http://localhost:3000/static/js/2.chunk.js:16416
[   92244ms] [WARNING] ./src/App.tsx
  Line 98:17:   Emojis should be wrapped in <span>, have role="img", and have an accessible description with aria-label or aria-labelledby  jsx-a11y/accessible-emoji
  Line 103:17:  Emojis should be wrapped in <span>, have role="img", and have an accessible description with aria-label or aria-labelledby  jsx-a11y/accessible-emoji
  Line 205:17:  Emojis should be wrapped in <span>, have role="img", and have an accessible description with aria-label or aria-labelledby  jsx-a11y/accessible-emoji
  Line 210:17:  Emojis should be wrapped in <span>, have role="img", and have an accessible description with aria-label or aria-labelledby  jsx-a11y/accessible-emoji
  Line 283:13:  Emojis should be wrapped in <span>, have role="img", and have an accessible description with aria-label or aria-labelledby  jsx-a11y/accessible-emoji
  Line 287:13:  Emojis should be wrapped in <span>, have role="img", and have an accessible description with aria-label or aria-labelledby  jsx-a11y/accessible-emoji
  Line 291:13:  Emojis should be wrapped in <span>, have role="img", and have an accessible description with aria-label or aria-labelledby  jsx-a11y/accessible-emoji @ http://localhost:3000/static/js/2.chunk.js:16416
[   92462ms] [INFO] %cDownload the React DevTools for a better development experience: https://reactjs.org/link/react-devtools font-weight:bold @ http://localhost:3000/static/js/0.chunk.js:42265
[   92481ms] [WARNING] ⚠️ React Router Future Flag Warning: React Router will begin wrapping state updates in `React.startTransition` in v7. You can use the `v7_startTransition` future flag to opt-in early. For more information, see https://reactrouter.com/v6/upgrading/future#v7_starttransition. @ http://localhost:3000/static/js/0.chunk.js:46728
[   92481ms] [WARNING] ⚠️ React Router Future Flag Warning: Relative route resolution within Splat routes is changing in v7. You can use the `v7_relativeSplatPath` future flag to opt-in early. For more information, see https://reactrouter.com/v6/upgrading/future#v7_relativesplatpath. @ http://localhost:3000/static/js/0.chunk.js:46728
[   92516ms] [WARNING] ./src/App.tsx
  Line 98:17:   Emojis should be wrapped in <span>, have role="img", and have an accessible description with aria-label or aria-labelledby  jsx-a11y/accessible-emoji
  Line 103:17:  Emojis should be wrapped in <span>, have role="img", and have an accessible description with aria-label or aria-labelledby  jsx-a11y/accessible-emoji
  Line 205:17:  Emojis should be wrapped in <span>, have role="img", and have an accessible description with aria-label or aria-labelledby  jsx-a11y/accessible-emoji
  Line 210:17:  Emojis should be wrapped in <span>, have role="img", and have an accessible description with aria-label or aria-labelledby  jsx-a11y/accessible-emoji
  Line 283:13:  Emojis should be wrapped in <span>, have role="img", and have an accessible description with aria-label or aria-labelledby  jsx-a11y/accessible-emoji
  Line 287:13:  Emojis should be wrapped in <span>, have role="img", and have an accessible description with aria-label or aria-labelledby  jsx-a11y/accessible-emoji
  Line 291:13:  Emojis should be wrapped in <span>, have role="img", and have an accessible description with aria-label or aria-labelledby  jsx-a11y/accessible-emoji @ http://localhost:3000/static/js/0.chunk.js:16416
[   97909ms] [WARNING] ./src/App.tsx
  Line 98:17:   Emojis should be wrapped in <span>, have role="img", and have an accessible description with aria-label or aria-labelledby  jsx-a11y/accessible-emoji
  Line 103:17:  Emojis should be wrapped in <span>, have role="img", and have an accessible description with aria-label or aria-labelledby  jsx-a11y/accessible-emoji
  Line 205:17:  Emojis should be wrapped in <span>, have role="img", and have an accessible description with aria-label or aria-labelledby  jsx-a11y/accessible-emoji
  Line 210:17:  Emojis should be wrapped in <span>, have role="img", and have an accessible description with aria-label or aria-labelledby  jsx-a11y/accessible-emoji
  Line 283:13:  Emojis should be wrapped in <span>, have role="img", and have an accessible description with aria-label or aria-labelledby  jsx-a11y/accessible-emoji
  Line 287:13:  Emojis should be wrapped in <span>, have role="img", and have an accessible description with aria-label or aria-labelledby  jsx-a11y/accessible-emoji
  Line 291:13:  Emojis should be wrapped in <span>, have role="img", and have an accessible description with aria-label or aria-labelledby  jsx-a11y/accessible-emoji @ http://localhost:3000/static/js/0.chunk.js:16416
[   98311ms] [INFO] %cDownload the React DevTools for a better development experience: https://reactjs.org/link/react-devtools font-weight:bold @ http://localhost:3000/static/js/2.chunk.js:42265
[   98332ms] [WARNING] ⚠️ React Router Future Flag Warning: React Router will begin wrapping state updates in `React.startTransition` in v7. You can use the `v7_startTransition` future flag to opt-in early. For more information, see https://reactrouter.com/v6/upgrading/future#v7_starttransition. @ http://localhost:3000/static/js/2.chunk.js:46728
[   98332ms] [WARNING] ⚠️ React Router Future Flag Warning: Relative route resolution within Splat routes is changing in v7. You can use the `v7_relativeSplatPath` future flag to opt-in early. For more information, see https://reactrouter.com/v6/upgrading/future#v7_relativesplatpath. @ http://localhost:3000/static/js/2.chunk.js:46728
[   98651ms] [WARNING] ./src/App.tsx
  Line 98:17:   Emojis should be wrapped in <span>, have role="img", and have an accessible description with aria-label or aria-labelledby  jsx-a11y/accessible-emoji
  Line 103:17:  Emojis should be wrapped in <span>, have role="img", and have an accessible description with aria-label or aria-labelledby  jsx-a11y/accessible-emoji
  Line 205:17:  Emojis should be wrapped in <span>, have role="img", and have an accessible description with aria-label or aria-labelledby  jsx-a11y/accessible-emoji
  Line 210:17:  Emojis should be wrapped in <span>, have role="img", and have an accessible description with aria-label or aria-labelledby  jsx-a11y/accessible-emoji
  Line 283:13:  Emojis should be wrapped in <span>, have role="img", and have an accessible description with aria-label or aria-labelledby  jsx-a11y/accessible-emoji
  Line 287:13:  Emojis should be wrapped in <span>, have role="img", and have an accessible description with aria-label or aria-labelledby  jsx-a11y/accessible-emoji
  Line 291:13:  Emojis should be wrapped in <span>, have role="img", and have an accessible description with aria-label or aria-labelledby  jsx-a11y/accessible-emoji @ http://localhost:3000/static/js/2.chunk.js:16416
[  224974ms] [WARNING] ./src/App.tsx
  Line 98:17:   Emojis should be wrapped in <span>, have role="img", and have an accessible description with aria-label or aria-labelledby  jsx-a11y/accessible-emoji
  Line 103:17:  Emojis should be wrapped in <span>, have role="img", and have an accessible description with aria-label or aria-labelledby  jsx-a11y/accessible-emoji
  Line 205:17:  Emojis should be wrapped in <span>, have role="img", and have an accessible description with aria-label or aria-labelledby  jsx-a11y/accessible-emoji
  Line 210:17:  Emojis should be wrapped in <span>, have role="img", and have an accessible description with aria-label or aria-labelledby  jsx-a11y/accessible-emoji
  Line 283:13:  Emojis should be wrapped in <span>, have role="img", and have an accessible description with aria-label or aria-labelledby  jsx-a11y/accessible-emoji
  Line 287:13:  Emojis should be wrapped in <span>, have role="img", and have an accessible description with aria-label or aria-labelledby  jsx-a11y/accessible-emoji
  Line 291:13:  Emojis should be wrapped in <span>, have role="img", and have an accessible description with aria-label or aria-labelledby  jsx-a11y/accessible-emoji @ http://localhost:3000/static/js/2.chunk.js:16416
[  225117ms] [INFO] %cDownload the React DevTools for a better development experience: https://reactjs.org/link/react-devtools font-weight:bold @ http://localhost:3000/static/js/0.chunk.js:42265
[  225128ms] [WARNING] ⚠️ React Router Future Flag Warning: React Router will begin wrapping state updates in `React.startTransition` in v7. You can use the `v7_startTransition` future flag to opt-in early. For more information, see https://reactrouter.com/v6/upgrading/future#v7_starttransition. @ http://localhost:3000/static/js/0.chunk.js:46728
[  225128ms] [WARNING] ⚠️ React Router Future Flag Warning: Relative route resolution within Splat routes is changing in v7. You can use the `v7_relativeSplatPath` future flag to opt-in early. For more information, see https://reactrouter.com/v6/upgrading/future#v7_relativesplatpath. @ http://localhost:3000/static/js/0.chunk.js:46728
[  225162ms] [WARNING] ./src/App.tsx
  Line 98:17:   Emojis should be wrapped in <span>, have role="img", and have an accessible description with aria-label or aria-labelledby  jsx-a11y/accessible-emoji
  Line 103:17:  Emojis should be wrapped in <span>, have role="img", and have an accessible description with aria-label or aria-labelledby  jsx-a11y/accessible-emoji
  Line 205:17:  Emojis should be wrapped in <span>, have role="img", and have an accessible description with aria-label or aria-labelledby  jsx-a11y/accessible-emoji
  Line 210:17:  Emojis should be wrapped in <span>, have role="img", and have an accessible description with aria-label or aria-labelledby  jsx-a11y/accessible-emoji
  Line 283:13:  Emojis should be wrapped in <span>, have role="img", and have an accessible description with aria-label or aria-labelledby  jsx-a11y/accessible-emoji
  Line 287:13:  Emojis should be wrapped in <span>, have role="img", and have an accessible description with aria-label or aria-labelledby  jsx-a11y/accessible-emoji
  Line 291:13:  Emojis should be wrapped in <span>, have role="img", and have an accessible description with aria-label or aria-labelledby  jsx-a11y/accessible-emoji @ http://localhost:3000/static/js/0.chunk.js:16416
