[     359ms] [INFO] %cDownload the React DevTools for a better development experience: https://reactjs.org/link/react-devtools font-weight:bold @ http://localhost:3000/static/js/2.chunk.js:37143
[     397ms] Error: Cannot find module 'react-router/dom'
    at webpackMissingModule (http://localhost:3000/static/js/2.chunk.js:38996:45)
    at ./node_modules/react-router-dom/dist/index.mjs (http://localhost:3000/static/js/2.chunk.js:38996:136)
    at __webpack_require__ (http://localhost:3000/static/js/bundle.js:787:30)
    at fn (http://localhost:3000/static/js/bundle.js:150:20)
    at ./src/App.tsx (http://localhost:3000/static/js/main.chunk.js:118:74)
    at __webpack_require__ (http://localhost:3000/static/js/bundle.js:787:30)
    at fn (http://localhost:3000/static/js/bundle.js:150:20)
    at ./src/index.tsx (http://localhost:3000/static/js/main.chunk.js:1079:62)
    at __webpack_require__ (http://localhost:3000/static/js/bundle.js:787:30)
    at fn (http://localhost:3000/static/js/bundle.js:150:20)
    at 0 (http://localhost:3000/static/js/main.chunk.js:1732:18)
    at __webpack_require__ (http://localhost:3000/static/js/bundle.js:787:30)
    at checkDeferredModules (http://localhost:3000/static/js/bundle.js:46:23)
    at Array.webpackJsonpCallback [as push] (http://localhost:3000/static/js/bundle.js:33:19)
    at http://localhost:3000/static/js/main.chunk.js:1:57
[     619ms] ReferenceError: process is not defined
    at 4043 (<anonymous>:2:13168)
    at r (<anonymous>:2:306599)
    at 8048 (<anonymous>:2:9496)
    at r (<anonymous>:2:306599)
    at 8641 (<anonymous>:2:1379)
    at r (<anonymous>:2:306599)
    at <anonymous>:2:315627
    at <anonymous>:2:324225
    at <anonymous>:2:324229
    at e.onload (http://localhost:3000/static/js/2.chunk.js:38963:324845)
[     502ms] [ERROR] ./node_modules/react-router-dom/dist/index.mjs
Can't reexport the namespace object from non EcmaScript module (only default export is available) @ http://localhost:3000/static/js/2.chunk.js:38439
[     502ms] [ERROR] ./node_modules/react-router-dom/dist/index.mjs
Module not found: Can't resolve 'react-router/dom' in '/Users/samlawrence/Documents/src/dyno/dyno-react-app/node_modules/react-router-dom/dist' @ http://localhost:3000/static/js/2.chunk.js:38439
[     502ms] [ERROR] ./node_modules/react-router/node_modules/cookie/dist/index.js 95:22
Module parse failed: Unexpected token (95:22)
You may need an appropriate loader to handle this file type.
|   // RFC 6265 sec 4.1.1, RFC 2616 2.2 defines a cookie name consists of one char minimum, plus '='.
|   if (len < 2) return obj;
>   const dec = options?.decode || decode;
|   let index = 0;
|   do { @ http://localhost:3000/static/js/2.chunk.js:38439
[   14347ms] [ERROR] ./node_modules/react-router-dom/dist/index.mjs
Can't reexport the namespace object from non EcmaScript module (only default export is available) @ http://localhost:3000/static/js/2.chunk.js:38439
[   14347ms] [ERROR] ./node_modules/react-router/node_modules/cookie/dist/index.js
Error: ENOENT: no such file or directory, open '/Users/samlawrence/Documents/src/dyno/dyno-react-app/node_modules/react-router/node_modules/cookie/dist/index.js' @ http://localhost:3000/static/js/2.chunk.js:38439
[   14348ms] [ERROR] ./node_modules/react-router-dom/dist/index.mjs
Module not found: Can't resolve 'react-router/dom' in '/Users/samlawrence/Documents/src/dyno/dyno-react-app/node_modules/react-router-dom/dist' @ http://localhost:3000/static/js/2.chunk.js:38439
[   14975ms] [ERROR] ./node_modules/react-router-dom/dist/index.mjs
Can't reexport the namespace object from non EcmaScript module (only default export is available) @ http://localhost:3000/static/js/2.chunk.js:38439
[   14975ms] [ERROR] ./node_modules/react-router/node_modules/cookie/dist/index.js
Error: ENOENT: no such file or directory, open '/Users/samlawrence/Documents/src/dyno/dyno-react-app/node_modules/react-router/node_modules/cookie/dist/index.js' @ http://localhost:3000/static/js/2.chunk.js:38439
[   14975ms] [ERROR] ./node_modules/react-router-dom/dist/index.mjs
Module not found: Can't resolve 'react-router/dom' in '/Users/samlawrence/Documents/src/dyno/dyno-react-app/node_modules/react-router-dom/dist' @ http://localhost:3000/static/js/2.chunk.js:38439
